0 info it worked if it ends with ok
1 verbose cli [ 'C:\\Program Files\\nodejs\\node.exe',
1 verbose cli   'C:\\Program Files\\nodejs\\node_modules\\npm\\bin\\npm-cli.js',
1 verbose cli   'run',
1 verbose cli   'start',
1 verbose cli   '--scripts-prepend-node-path=auto' ]
2 info using npm@3.10.10
3 info using node@v6.11.1
4 verbose run-script [ 'prestart', 'start', 'poststart' ]
5 info lifecycle mydialog@0.0.0~prestart: mydialog@0.0.0
6 silly lifecycle mydialog@0.0.0~prestart: no script for prestart, continuing
7 info lifecycle mydialog@0.0.0~start: mydialog@0.0.0
8 verbose lifecycle mydialog@0.0.0~start: unsafe-perm in lifecycle true
9 verbose lifecycle mydialog@0.0.0~start: PATH: C:\Program Files\nodejs\node_modules\npm\bin\node-gyp-bin;C:\Users\jiangliu\WebstormProjects\MyDialog\node_modules\.bin;C:\WINDOWS\system32;C:\WINDOWS;C:\WINDOWS\System32\Wbem;C:\WINDOWS\System32\WindowsPowerShell\v1.0;C:\Program Files\MacType;C:\Program Files (x86)\NVIDIA Corporation\PhysX\Common;C:\Program Files\Anaconda3;C:\Program Files\Anaconda3\Scripts;C:\Program Files\Java\jdk1.8.0_112\bin;C:\Program Files\Microsoft SQL Server\120\Tools\Binn;C:\Program Files\Microsoft SQL Server\130\Tools\Binn;C:\cocos2d-x-3.13.1\tools\cocos2d-console\bin;C:\Program Files\Microsoft SQL Server\110\Tools\Binn;C:\Program Files (x86)\GtkSharp\2.12\bin;C:\luaforwindows-master\files;C:\adb;C:\Program Files (x86)\Graphviz2.38\bin;C:\Android;C:\Windows\System32;C:\Program Files\MySQL\mysql-5.7.18-winx64\bin;C:\Program Files\nodejs\;C:\Program Files\MongoDB\Server\3.4\bin;C:\Program Files\Git\cmd;C:\Users\jiangliu\Desktop\cocos2d-x-samples-3\cocos2d-x-samples-3\cocos2d-x-3.8\cocos2d-x-3.8\templates;C:\Users\jiangliu\Desktop\cocos2d-x-samples-3\cocos2d-x-samples-3\cocos2d-x-3.8\cocos2d-x-3.8\tools\cocos2d-console\bin;C:\Users\jiangliu\AppData\Local\Microsoft\WindowsApps;C:\Program Files\nodejs\node_global
10 verbose lifecycle mydialog@0.0.0~start: CWD: C:\Users\jiangliu\WebstormProjects\MyDialog
11 silly lifecycle mydialog@0.0.0~start: Args: [ '/d /s /c', 'node ./bin/www' ]
12 silly lifecycle mydialog@0.0.0~start: Returned: code: 1  signal: null
13 info lifecycle mydialog@0.0.0~start: Failed to exec start script
14 verbose stack Error: mydialog@0.0.0 start: `node ./bin/www`
14 verbose stack Exit status 1
14 verbose stack     at EventEmitter.<anonymous> (C:\Program Files\nodejs\node_modules\npm\lib\utils\lifecycle.js:255:16)
14 verbose stack     at emitTwo (events.js:106:13)
14 verbose stack     at EventEmitter.emit (events.js:191:7)
14 verbose stack     at ChildProcess.<anonymous> (C:\Program Files\nodejs\node_modules\npm\lib\utils\spawn.js:40:14)
14 verbose stack     at emitTwo (events.js:106:13)
14 verbose stack     at ChildProcess.emit (events.js:191:7)
14 verbose stack     at maybeClose (internal/child_process.js:891:16)
14 verbose stack     at Process.ChildProcess._handle.onexit (internal/child_process.js:226:5)
15 verbose pkgid mydialog@0.0.0
16 verbose cwd C:\Users\jiangliu\WebstormProjects\MyDialog
17 error Windows_NT 10.0.14393
18 error argv "C:\\Program Files\\nodejs\\node.exe" "C:\\Program Files\\nodejs\\node_modules\\npm\\bin\\npm-cli.js" "run" "start" "--scripts-prepend-node-path=auto"
19 error node v6.11.1
20 error npm  v3.10.10
21 error code ELIFECYCLE
22 error mydialog@0.0.0 start: `node ./bin/www`
22 error Exit status 1
23 error Failed at the mydialog@0.0.0 start script 'node ./bin/www'.
23 error Make sure you have the latest version of node.js and npm installed.
23 error If you do, this is most likely a problem with the mydialog package,
23 error not with npm itself.
23 error Tell the author that this fails on your system:
23 error     node ./bin/www
23 error You can get information on how to open an issue for this project with:
23 error     npm bugs mydialog
23 error Or if that isn't available, you can get their info via:
23 error     npm owner ls mydialog
23 error There is likely additional logging output above.
24 verbose exit [ 1, true ]
